Performance by label (#match, #model, #ref) (precision, recall, F1):
    B-NP: (11710, 12404, 12407) (0.9441, 0.9438, 0.9439)
    B-PP: (4632, 5095, 4805) (0.9091, 0.9640, 0.9358)
    I-NP: (13694, 14611, 14359) (0.9372, 0.9537, 0.9454)
    B-VP: (4372, 4685, 4653) (0.9332, 0.9396, 0.9364)
    I-VP: (2505, 2752, 2643) (0.9102, 0.9478, 0.9286)
    B-SBAR: (288, 330, 534) (0.8727, 0.5393, 0.6667)
    O: (5834, 6101, 6174) (0.9562, 0.9449, 0.9505)
    B-ADJP: (238, 327, 438) (0.7278, 0.5434, 0.6222)
    B-ADVP: (632, 796, 866) (0.7940, 0.7298, 0.7605)
    I-ADVP: (39, 82, 89) (0.4756, 0.4382, 0.4561)
    I-ADJP: (58, 84, 167) (0.6905, 0.3473, 0.4622)
    I-SBAR: (0, 0, 4) (0.0000, 0.0000, 0.0000)
    I-PP: (9, 12, 48) (0.7500, 0.1875, 0.3000)
    B-PRT: (29, 42, 106) (0.6905, 0.2736, 0.3919)
    B-LST: (0, 0, 4) (0.0000, 0.0000, 0.0000)
    B-INTJ: (0, 0, 2) (0.0000, 0.0000, 0.0000)
    I-INTJ: (0, 0, 0) (******, ******, ******)
    B-CONJP: (0, 0, 9) (0.0000, 0.0000, 0.0000)
    I-CONJP: (0, 0, 13) (0.0000, 0.0000, 0.0000)
Macro-average precision, recall, F1: (0.557430, 0.460680, 0.489488)
Item accuracy: 44040 / 47321 (0.9307)
Instance accuracy: 806 / 2011 (0.4008)
Elapsed time: 0.420000 [sec] (4790.5 [instance/sec])
