Performance by label (#match, #model, #ref) (precision, recall, F1):
    B-NP: (11803, 12423, 12407) (0.9501, 0.9513, 0.9507)
    B-PP: (4642, 4970, 4805) (0.9340, 0.9661, 0.9498)
    I-NP: (13755, 14545, 14359) (0.9457, 0.9579, 0.9518)
    B-VP: (4393, 4674, 4653) (0.9399, 0.9441, 0.9420)
    I-VP: (2525, 2757, 2643) (0.9159, 0.9554, 0.9352)
    B-SBAR: (362, 417, 534) (0.8681, 0.6779, 0.7613)
    O: (5868, 6121, 6174) (0.9587, 0.9504, 0.9545)
    B-ADJP: (256, 327, 438) (0.7829, 0.5845, 0.6693)
    B-ADVP: (658, 815, 866) (0.8074, 0.7598, 0.7829)
    I-ADVP: (42, 83, 89) (0.5060, 0.4719, 0.4884)
    I-ADJP: (73, 95, 167) (0.7684, 0.4371, 0.5573)
    I-SBAR: (1, 5, 4) (0.2000, 0.2500, 0.2222)
    I-PP: (16, 19, 48) (0.8421, 0.3333, 0.4776)
    B-PRT: (45, 70, 106) (0.6429, 0.4245, 0.5114)
    B-LST: (0, 0, 4) (0.0000, 0.0000, 0.0000)
    B-INTJ: (0, 0, 2) (0.0000, 0.0000, 0.0000)
    I-INTJ: (0, 0, 0) (******, ******, ******)
    B-CONJP: (0, 0, 9) (0.0000, 0.0000, 0.0000)
    I-CONJP: (0, 0, 13) (0.0000, 0.0000, 0.0000)
    I-PRT: (0, 0, 0) (******, ******, ******)
Macro-average precision, recall, F1: (0.553096, 0.483217, 0.507712)
Item accuracy: 44439 / 47321 (0.9391)
Instance accuracy: 919 / 2011 (0.4570)
Elapsed time: 0.420000 [sec] (4790.5 [instance/sec])
