Performance by label (#match, #model, #ref) (precision, recall, F1):
    B-NP: (11959, 12363, 12407) (0.9673, 0.9639, 0.9656)
    B-PP: (4701, 4895, 4805) (0.9604, 0.9784, 0.9693)
    I-NP: (13956, 14503, 14359) (0.9623, 0.9719, 0.9671)
    B-VP: (4455, 4678, 4653) (0.9523, 0.9574, 0.9549)
    I-VP: (2524, 2697, 2643) (0.9359, 0.9550, 0.9453)
    B-SBAR: (430, 484, 534) (0.8884, 0.8052, 0.8448)
    O: (5928, 6107, 6174) (0.9707, 0.9602, 0.9654)
    B-ADJP: (303, 376, 438) (0.8059, 0.6918, 0.7445)
    B-ADVP: (697, 840, 866) (0.8298, 0.8048, 0.8171)
    I-ADVP: (48, 81, 89) (0.5926, 0.5393, 0.5647)
    I-ADJP: (101, 126, 167) (0.8016, 0.6048, 0.6894)
    I-SBAR: (2, 15, 4) (0.1333, 0.5000, 0.2105)
    I-PP: (30, 34, 48) (0.8824, 0.6250, 0.7317)
    B-PRT: (77, 104, 106) (0.7404, 0.7264, 0.7333)
    B-LST: (0, 0, 4) (0.0000, 0.0000, 0.0000)
    B-INTJ: (1, 1, 2) (1.0000, 0.5000, 0.6667)
    I-INTJ: (0, 0, 0) (******, ******, ******)
    B-CONJP: (5, 6, 9) (0.8333, 0.5556, 0.6667)
    I-CONJP: (10, 11, 13) (0.9091, 0.7692, 0.8333)
    I-PRT: (0, 0, 0) (******, ******, ******)
    B-UCP: (0, 0, 0) (******, ******, ******)
    I-UCP: (0, 0, 0) (******, ******, ******)
Macro-average precision, recall, F1: (0.643889, 0.586770, 0.603196)
Item accuracy: 45227 / 47321 (0.9557)
Instance accuracy: 1103 / 2011 (0.5485)
Elapsed time: 0.480000 [sec] (4191.7 [instance/sec])
