Performance by label (#match, #model, #ref) (precision, recall, F1):
    B-NP: (12000, 12358, 12407) (0.9710, 0.9672, 0.9691)
    B-PP: (4707, 4872, 4805) (0.9661, 0.9796, 0.9728)
    I-NP: (13984, 14484, 14359) (0.9655, 0.9739, 0.9697)
    B-VP: (4466, 4662, 4653) (0.9580, 0.9598, 0.9589)
    I-VP: (2549, 2698, 2643) (0.9448, 0.9644, 0.9545)
    B-SBAR: (448, 498, 534) (0.8996, 0.8390, 0.8682)
    O: (5939, 6113, 6174) (0.9715, 0.9619, 0.9667)
    B-ADJP: (322, 403, 438) (0.7990, 0.7352, 0.7658)
    B-ADVP: (711, 835, 866) (0.8515, 0.8210, 0.8360)
    I-ADVP: (54, 82, 89) (0.6585, 0.6067, 0.6316)
    I-ADJP: (110, 137, 167) (0.8029, 0.6587, 0.7237)
    I-SBAR: (2, 15, 4) (0.1333, 0.5000, 0.2105)
    I-PP: (34, 42, 48) (0.8095, 0.7083, 0.7556)
    B-PRT: (80, 102, 106) (0.7843, 0.7547, 0.7692)
    B-LST: (0, 0, 4) (0.0000, 0.0000, 0.0000)
    B-INTJ: (1, 1, 2) (1.0000, 0.5000, 0.6667)
    I-INTJ: (0, 0, 0) (******, ******, ******)
    B-CONJP: (5, 7, 9) (0.7143, 0.5556, 0.6250)
    I-CONJP: (10, 12, 13) (0.8333, 0.7692, 0.8000)
    I-PRT: (0, 0, 0) (******, ******, ******)
    B-UCP: (0, 0, 0) (******, ******, ******)
    I-UCP: (0, 0, 0) (******, ******, ******)
Macro-average precision, recall, F1: (0.639239, 0.602512, 0.611086)
Item accuracy: 45422 / 47321 (0.9599)
Instance accuracy: 1176 / 2011 (0.5848)
Elapsed time: 0.490000 [sec] (4106.1 [instance/sec])
