Performance by label (#match, #model, #ref) (precision, recall, F1):
    B-NP: (11982, 12344, 12407) (0.9707, 0.9657, 0.9682)
    B-PP: (4696, 4863, 4805) (0.9657, 0.9773, 0.9715)
    I-NP: (13995, 14522, 14359) (0.9637, 0.9747, 0.9691)
    B-VP: (4461, 4662, 4653) (0.9569, 0.9587, 0.9578)
    I-VP: (2540, 2703, 2643) (0.9397, 0.9610, 0.9502)
    B-SBAR: (446, 498, 534) (0.8956, 0.8352, 0.8643)
    O: (5931, 6104, 6174) (0.9717, 0.9606, 0.9661)
    B-ADJP: (315, 390, 438) (0.8077, 0.7192, 0.7609)
    B-ADVP: (707, 842, 866) (0.8397, 0.8164, 0.8279)
    I-ADVP: (54, 80, 89) (0.6750, 0.6067, 0.6391)
    I-ADJP: (110, 138, 167) (0.7971, 0.6587, 0.7213)
    I-SBAR: (2, 15, 4) (0.1333, 0.5000, 0.2105)
    I-PP: (30, 36, 48) (0.8333, 0.6250, 0.7143)
    B-PRT: (78, 104, 106) (0.7500, 0.7358, 0.7429)
    B-LST: (0, 0, 4) (0.0000, 0.0000, 0.0000)
    B-INTJ: (1, 1, 2) (1.0000, 0.5000, 0.6667)
    I-INTJ: (0, 0, 0) (******, ******, ******)
    B-CONJP: (5, 7, 9) (0.7143, 0.5556, 0.6250)
    I-CONJP: (10, 12, 13) (0.8333, 0.7692, 0.8000)
    I-PRT: (0, 0, 0) (******, ******, ******)
    B-UCP: (0, 0, 0) (******, ******, ******)
    I-UCP: (0, 0, 0) (******, ******, ******)
Macro-average precision, recall, F1: (0.638528, 0.596362, 0.607080)
Item accuracy: 45363 / 47321 (0.9586)
Instance accuracy: 1151 / 2011 (0.5724)
Elapsed time: 0.510000 [sec] (3945.1 [instance/sec])
