Performance by label (#match, #model, #ref) (precision, recall, F1):
    B-NP: (11883, 12393, 12407) (0.9588, 0.9578, 0.9583)
    B-PP: (4686, 4932, 4805) (0.9501, 0.9752, 0.9625)
    I-NP: (13866, 14519, 14359) (0.9550, 0.9657, 0.9603)
    B-VP: (4433, 4669, 4653) (0.9495, 0.9527, 0.9511)
    I-VP: (2541, 2729, 2643) (0.9311, 0.9614, 0.9460)
    B-SBAR: (400, 449, 534) (0.8909, 0.7491, 0.8138)
    O: (5909, 6108, 6174) (0.9674, 0.9571, 0.9622)
    B-ADJP: (289, 358, 438) (0.8073, 0.6598, 0.7261)
    B-ADVP: (684, 821, 866) (0.8331, 0.7898, 0.8109)
    I-ADVP: (46, 80, 89) (0.5750, 0.5169, 0.5444)
    I-ADJP: (91, 115, 167) (0.7913, 0.5449, 0.6454)
    I-SBAR: (2, 10, 4) (0.2000, 0.5000, 0.2857)
    I-PP: (30, 35, 48) (0.8571, 0.6250, 0.7229)
    B-PRT: (72, 95, 106) (0.7579, 0.6792, 0.7164)
    B-LST: (0, 0, 4) (0.0000, 0.0000, 0.0000)
    B-INTJ: (0, 0, 2) (0.0000, 0.0000, 0.0000)
    I-INTJ: (0, 0, 0) (******, ******, ******)
    B-CONJP: (2, 3, 9) (0.6667, 0.2222, 0.3333)
    I-CONJP: (4, 5, 13) (0.8000, 0.3077, 0.4444)
    I-PRT: (0, 0, 0) (******, ******, ******)
Macro-average precision, recall, F1: (0.644562, 0.568226, 0.589195)
Item accuracy: 44938 / 47321 (0.9496)
Instance accuracy: 1028 / 2011 (0.5112)
Elapsed time: 0.460000 [sec] (4373.9 [instance/sec])
