CRFSuite 0.12  Copyright (c) 2007-2011 Naoaki Okazaki

Start time of the training: 2014-12-01T01:24:02Z

Reading the data set(s)
[1] 100.crfsuite.txt
0....1....2....3....4....5....6....7....8....9....10
Number of instances: 101
Seconds required: 0.030

Statistics the data set(s)
Number of data sets (groups): 1
Number of instances: 100
Number of items: 2440
Number of attributes: 13127
Number of labels: 14

Feature generation
type: CRF1d
feature.minfreq: 0.000000
feature.possible_states: 0
feature.possible_transitions: 0
0....1....2....3....4....5....6....7....8....9....10
Number of features: 17066
Seconds required: 0.010

L-BFGS optimization
c1: 0.000000
c2: 1.000000
num_memories: 6
max_iterations: 2147483647
epsilon: 0.000010
stop: 10
delta: 0.000010
linesearch: MoreThuente
linesearch.max_iterations: 20

***** Iteration #1 *****
Loss: 2770.948337
Feature norm: 5.000000
Error norm: 470.444532
Active features: 17066
Line search trials: 2
Line search step: 0.004415
Seconds required for this iteration: 0.020

***** Iteration #2 *****
Loss: 1886.038224
Feature norm: 7.388746
Error norm: 299.504583
Active features: 17066
Line search trials: 1
Line search step: 1.000000
Seconds required for this iteration: 0.000

***** Iteration #3 *****
Loss: 1324.692496
Feature norm: 10.701682
Error norm: 163.269234
Active features: 17066
Line search trials: 1
Line search step: 1.000000
Seconds required for this iteration: 0.000

***** Iteration #4 *****
Loss: 1057.165287
Feature norm: 12.434928
Error norm: 120.058712
Active features: 17066
Line search trials: 1
Line search step: 1.000000
Seconds required for this iteration: 0.010

***** Iteration #5 *****
Loss: 798.593688
Feature norm: 16.592230
Error norm: 133.207385
Active features: 17066
Line search trials: 1
Line search step: 1.000000
Seconds required for this iteration: 0.000

***** Iteration #6 *****
Loss: 734.415731
Feature norm: 18.435955
Error norm: 87.157301
Active features: 17066
Line search trials: 1
Line search step: 1.000000
Seconds required for this iteration: 0.000

***** Iteration #7 *****
Loss: 691.184583
Feature norm: 18.125589
Error norm: 59.545409
Active features: 17066
Line search trials: 1
Line search step: 1.000000
Seconds required for this iteration: 0.010

***** Iteration #8 *****
Loss: 629.778083
Feature norm: 17.641767
Error norm: 51.542801
Active features: 17066
Line search trials: 1
Line search step: 1.000000
Seconds required for this iteration: 0.000

***** Iteration #9 *****
Loss: 604.636178
Feature norm: 17.949871
Error norm: 33.666556
Active features: 17066
Line search trials: 1
Line search step: 1.000000
Seconds required for this iteration: 0.010

***** Iteration #10 *****
Loss: 585.069017
Feature norm: 18.633087
Error norm: 29.170789
Active features: 17066
Line search trials: 1
Line search step: 1.000000
Seconds required for this iteration: 0.000

***** Iteration #11 *****
Loss: 579.111588
Feature norm: 18.663924
Error norm: 24.040353
Active features: 17066
Line search trials: 2
Line search step: 0.433350
Seconds required for this iteration: 0.010

***** Iteration #12 *****
Loss: 575.599381
Feature norm: 18.658865
Error norm: 18.442789
Active features: 17066
Line search trials: 1
Line search step: 1.000000
Seconds required for this iteration: 0.000

***** Iteration #13 *****
Loss: 569.948991
Feature norm: 18.685384
Error norm: 8.604112
Active features: 17066
Line search trials: 1
Line search step: 1.000000
Seconds required for this iteration: 0.010

***** Iteration #14 *****
Loss: 568.072465
Feature norm: 18.686352
Error norm: 7.595464
Active features: 17066
Line search trials: 1
Line search step: 1.000000
Seconds required for this iteration: 0.000

***** Iteration #15 *****
Loss: 566.544458
Feature norm: 18.748735
Error norm: 8.948743
Active features: 17066
Line search trials: 1
Line search step: 1.000000
Seconds required for this iteration: 0.000

***** Iteration #16 *****
Loss: 565.809408
Feature norm: 18.729195
Error norm: 4.503528
Active features: 17066
Line search trials: 1
Line search step: 1.000000
Seconds required for this iteration: 0.010

***** Iteration #17 *****
Loss: 565.523512
Feature norm: 18.727257
Error norm: 3.161309
Active features: 17066
Line search trials: 1
Line search step: 1.000000
Seconds required for this iteration: 0.000

***** Iteration #18 *****
Loss: 565.185676
Feature norm: 18.738783
Error norm: 1.965490
Active features: 17066
Line search trials: 1
Line search step: 1.000000
Seconds required for this iteration: 0.010

***** Iteration #19 *****
Loss: 565.127370
Feature norm: 18.760384
Error norm: 6.333872
Active features: 17066
Line search trials: 1
Line search step: 1.000000
Seconds required for this iteration: 0.000

***** Iteration #20 *****
Loss: 564.993856
Feature norm: 18.761242
Error norm: 2.040768
Active features: 17066
Line search trials: 1
Line search step: 1.000000
Seconds required for this iteration: 0.000

***** Iteration #21 *****
Loss: 564.970217
Feature norm: 18.759701
Error norm: 1.352420
Active features: 17066
Line search trials: 1
Line search step: 1.000000
Seconds required for this iteration: 0.010

***** Iteration #22 *****
Loss: 564.932966
Feature norm: 18.759817
Error norm: 0.759414
Active features: 17066
Line search trials: 1
Line search step: 1.000000
Seconds required for this iteration: 0.000

***** Iteration #23 *****
Loss: 564.905239
Feature norm: 18.758360
Error norm: 0.704356
Active features: 17066
Line search trials: 1
Line search step: 1.000000
Seconds required for this iteration: 0.010

***** Iteration #24 *****
Loss: 564.885702
Feature norm: 18.751505
Error norm: 0.707219
Active features: 17066
Line search trials: 1
Line search step: 1.000000
Seconds required for this iteration: 0.000

***** Iteration #25 *****
Loss: 564.879751
Feature norm: 18.749752
Error norm: 0.548603
Active features: 17066
Line search trials: 2
Line search step: 0.443913
Seconds required for this iteration: 0.010

***** Iteration #26 *****
Loss: 564.876292
Feature norm: 18.747801
Error norm: 0.256670
Active features: 17066
Line search trials: 1
Line search step: 1.000000
Seconds required for this iteration: 0.000

***** Iteration #27 *****
Loss: 564.874541
Feature norm: 18.746601
Error norm: 0.244527
Active features: 17066
Line search trials: 1
Line search step: 1.000000
Seconds required for this iteration: 0.000

***** Iteration #28 *****
Loss: 564.873855
Feature norm: 18.745470
Error norm: 0.467873
Active features: 17066
Line search trials: 1
Line search step: 1.000000
Seconds required for this iteration: 0.010

***** Iteration #29 *****
Loss: 564.872865
Feature norm: 18.745464
Error norm: 0.162229
Active features: 17066
Line search trials: 1
Line search step: 1.000000
Seconds required for this iteration: 0.000

***** Iteration #30 *****
Loss: 564.872511
Feature norm: 18.745588
Error norm: 0.121541
Active features: 17066
Line search trials: 1
Line search step: 1.000000
Seconds required for this iteration: 0.010

***** Iteration #31 *****
Loss: 564.872176
Feature norm: 18.745661
Error norm: 0.106523
Active features: 17066
Line search trials: 1
Line search step: 1.000000
Seconds required for this iteration: 0.000

***** Iteration #32 *****
Loss: 564.871806
Feature norm: 18.745726
Error norm: 0.074877
Active features: 17066
Line search trials: 1
Line search step: 1.000000
Seconds required for this iteration: 0.010

***** Iteration #33 *****
Loss: 564.871687
Feature norm: 18.745896
Error norm: 0.111462
Active features: 17066
Line search trials: 1
Line search step: 1.000000
Seconds required for this iteration: 0.000

***** Iteration #34 *****
Loss: 564.871603
Feature norm: 18.746048
Error norm: 0.080027
Active features: 17066
Line search trials: 1
Line search step: 1.000000
Seconds required for this iteration: 0.000

***** Iteration #35 *****
Loss: 564.871568
Feature norm: 18.746015
Error norm: 0.022021
Active features: 17066
Line search trials: 1
Line search step: 1.000000
Seconds required for this iteration: 0.010

***** Iteration #36 *****
Loss: 564.871560
Feature norm: 18.746051
Error norm: 0.018813
Active features: 17066
Line search trials: 1
Line search step: 1.000000
Seconds required for this iteration: 0.000

L-BFGS terminated with the stopping criteria
Total seconds required for training: 0.160

Storing the model
Number of active features: 17066 (17066)
Number of active attributes: 13127 (13127)
Number of active labels: 14 (14)
Writing labels
Writing attributes
Writing feature references for transitions
Writing feature references for attributes
Seconds required: 0.070

End time of the training: 2014-12-01T01:24:03Z

