CRFSuite 0.12  Copyright (c) 2007-2011 Naoaki Okazaki

Start time of the training: 2014-12-01T01:24:27Z

Reading the data set(s)
[1] 1000.crfsuite.txt
0....1....2....3....4....5....6....7....8....9....10
Number of instances: 1013
Seconds required: 0.340

Statistics the data set(s)
Number of data sets (groups): 1
Number of instances: 1012
Number of items: 23970
Number of attributes: 70649
Number of labels: 20

Feature generation
type: CRF1d
feature.minfreq: 0.000000
feature.possible_states: 0
feature.possible_transitions: 0
0....1....2....3....4....5....6....7....8....9....10
Number of features: 94085
Seconds required: 0.150

L-BFGS optimization
c1: 0.000000
c2: 1.000000
num_memories: 6
max_iterations: 2147483647
epsilon: 0.000010
stop: 10
delta: 0.000010
linesearch: MoreThuente
linesearch.max_iterations: 20

***** Iteration #1 *****
Loss: 29844.658519
Feature norm: 5.000000
Error norm: 4849.048308
Active features: 94085
Line search trials: 2
Line search step: 0.000436
Seconds required for this iteration: 0.180

***** Iteration #2 *****
Loss: 18324.282807
Feature norm: 8.521014
Error norm: 2889.871402
Active features: 94085
Line search trials: 1
Line search step: 1.000000
Seconds required for this iteration: 0.050

***** Iteration #3 *****
Loss: 12814.529299
Feature norm: 11.635082
Error norm: 1675.846639
Active features: 94085
Line search trials: 1
Line search step: 1.000000
Seconds required for this iteration: 0.060

***** Iteration #4 *****
Loss: 10439.429431
Feature norm: 13.429217
Error norm: 1143.445526
Active features: 94085
Line search trials: 1
Line search step: 1.000000
Seconds required for this iteration: 0.060

***** Iteration #5 *****
Loss: 8304.917696
Feature norm: 15.997765
Error norm: 813.087529
Active features: 94085
Line search trials: 1
Line search step: 1.000000
Seconds required for this iteration: 0.050

***** Iteration #6 *****
Loss: 7103.361465
Feature norm: 20.376412
Error norm: 1444.003204
Active features: 94085
Line search trials: 1
Line search step: 1.000000
Seconds required for this iteration: 0.060

***** Iteration #7 *****
Loss: 6233.839943
Feature norm: 21.862934
Error norm: 576.688344
Active features: 94085
Line search trials: 1
Line search step: 1.000000
Seconds required for this iteration: 0.060

***** Iteration #8 *****
Loss: 5991.791750
Feature norm: 22.123827
Error norm: 483.125425
Active features: 94085
Line search trials: 1
Line search step: 1.000000
Seconds required for this iteration: 0.060

***** Iteration #9 *****
Loss: 5053.192971
Feature norm: 24.256876
Error norm: 396.466548
Active features: 94085
Line search trials: 1
Line search step: 1.000000
Seconds required for this iteration: 0.060

***** Iteration #10 *****
Loss: 4602.497809
Feature norm: 26.156513
Error norm: 378.746308
Active features: 94085
Line search trials: 1
Line search step: 1.000000
Seconds required for this iteration: 0.060

***** Iteration #11 *****
Loss: 4582.606246
Feature norm: 31.146576
Error norm: 1144.060188
Active features: 94085
Line search trials: 1
Line search step: 1.000000
Seconds required for this iteration: 0.060

***** Iteration #12 *****
Loss: 3947.714415
Feature norm: 30.825976
Error norm: 284.203372
Active features: 94085
Line search trials: 1
Line search step: 1.000000
Seconds required for this iteration: 0.050

***** Iteration #13 *****
Loss: 3836.675616
Feature norm: 31.033588
Error norm: 206.926861
Active features: 94085
Line search trials: 1
Line search step: 1.000000
Seconds required for this iteration: 0.060

***** Iteration #14 *****
Loss: 3698.465955
Feature norm: 31.681809
Error norm: 245.253664
Active features: 94085
Line search trials: 1
Line search step: 1.000000
Seconds required for this iteration: 0.060

***** Iteration #15 *****
Loss: 3452.916780
Feature norm: 33.364345
Error norm: 250.241884
Active features: 94085
Line search trials: 1
Line search step: 1.000000
Seconds required for this iteration: 0.060

***** Iteration #16 *****
Loss: 3347.156109
Feature norm: 33.530578
Error norm: 304.269287
Active features: 94085
Line search trials: 2
Line search step: 0.227339
Seconds required for this iteration: 0.120

***** Iteration #17 *****
Loss: 3127.575214
Feature norm: 36.036884
Error norm: 168.975365
Active features: 94085
Line search trials: 1
Line search step: 1.000000
Seconds required for this iteration: 0.060

***** Iteration #18 *****
Loss: 2995.389414
Feature norm: 36.413592
Error norm: 138.597516
Active features: 94085
Line search trials: 1
Line search step: 1.000000
Seconds required for this iteration: 0.060

***** Iteration #19 *****
Loss: 2933.581722
Feature norm: 36.696087
Error norm: 354.913351
Active features: 94085
Line search trials: 1
Line search step: 1.000000
Seconds required for this iteration: 0.060

***** Iteration #20 *****
Loss: 2864.119544
Feature norm: 36.501954
Error norm: 137.558731
Active features: 94085
Line search trials: 1
Line search step: 1.000000
Seconds required for this iteration: 0.060

***** Iteration #21 *****
Loss: 2845.449592
Feature norm: 36.283572
Error norm: 115.393736
Active features: 94085
Line search trials: 1
Line search step: 1.000000
Seconds required for this iteration: 0.060

***** Iteration #22 *****
Loss: 2767.403152
Feature norm: 36.748575
Error norm: 93.207046
Active features: 94085
Line search trials: 1
Line search step: 1.000000
Seconds required for this iteration: 0.060

***** Iteration #23 *****
Loss: 2727.599608
Feature norm: 37.097017
Error norm: 97.064647
Active features: 94085
Line search trials: 1
Line search step: 1.000000
Seconds required for this iteration: 0.060

***** Iteration #24 *****
Loss: 2700.497177
Feature norm: 37.548159
Error norm: 69.089664
Active features: 94085
Line search trials: 1
Line search step: 1.000000
Seconds required for this iteration: 0.060

***** Iteration #25 *****
Loss: 2663.487736
Feature norm: 38.484345
Error norm: 62.177523
Active features: 94085
Line search trials: 1
Line search step: 1.000000
Seconds required for this iteration: 0.060

***** Iteration #26 *****
Loss: 2654.096125
Feature norm: 38.634391
Error norm: 56.417470
Active features: 94085
Line search trials: 2
Line search step: 0.400646
Seconds required for this iteration: 0.110

***** Iteration #27 *****
Loss: 2646.245058
Feature norm: 38.641588
Error norm: 42.645948
Active features: 94085
Line search trials: 1
Line search step: 1.000000
Seconds required for this iteration: 0.060

***** Iteration #28 *****
Loss: 2633.349242
Feature norm: 38.670279
Error norm: 43.993050
Active features: 94085
Line search trials: 1
Line search step: 1.000000
Seconds required for this iteration: 0.060

***** Iteration #29 *****
Loss: 2629.241741
Feature norm: 38.706683
Error norm: 53.295384
Active features: 94085
Line search trials: 2
Line search step: 0.348678
Seconds required for this iteration: 0.110

***** Iteration #30 *****
Loss: 2624.650158
Feature norm: 38.729654
Error norm: 30.009917
Active features: 94085
Line search trials: 1
Line search step: 1.000000
Seconds required for this iteration: 0.060

***** Iteration #31 *****
Loss: 2620.898103
Feature norm: 38.774817
Error norm: 26.284331
Active features: 94085
Line search trials: 1
Line search step: 1.000000
Seconds required for this iteration: 0.060

***** Iteration #32 *****
Loss: 2616.050632
Feature norm: 38.789586
Error norm: 25.318423
Active features: 94085
Line search trials: 1
Line search step: 1.000000
Seconds required for this iteration: 0.050

***** Iteration #33 *****
Loss: 2611.165662
Feature norm: 38.793720
Error norm: 32.560670
Active features: 94085
Line search trials: 1
Line search step: 1.000000
Seconds required for this iteration: 0.060

***** Iteration #34 *****
Loss: 2609.847897
Feature norm: 38.774330
Error norm: 43.395219
Active features: 94085
Line search trials: 1
Line search step: 1.000000
Seconds required for this iteration: 0.060

***** Iteration #35 *****
Loss: 2607.425746
Feature norm: 38.756796
Error norm: 13.782353
Active features: 94085
Line search trials: 1
Line search step: 1.000000
Seconds required for this iteration: 0.060

***** Iteration #36 *****
Loss: 2606.639988
Feature norm: 38.746074
Error norm: 13.714265
Active features: 94085
Line search trials: 1
Line search step: 1.000000
Seconds required for this iteration: 0.060

***** Iteration #37 *****
Loss: 2605.075303
Feature norm: 38.733729
Error norm: 17.228573
Active features: 94085
Line search trials: 1
Line search step: 1.000000
Seconds required for this iteration: 0.060

***** Iteration #38 *****
Loss: 2604.435274
Feature norm: 38.734374
Error norm: 25.668279
Active features: 94085
Line search trials: 2
Line search step: 0.438821
Seconds required for this iteration: 0.110

***** Iteration #39 *****
Loss: 2603.355247
Feature norm: 38.736698
Error norm: 13.586420
Active features: 94085
Line search trials: 1
Line search step: 1.000000
Seconds required for this iteration: 0.060

***** Iteration #40 *****
Loss: 2602.619572
Feature norm: 38.748515
Error norm: 8.718332
Active features: 94085
Line search trials: 1
Line search step: 1.000000
Seconds required for this iteration: 0.060

***** Iteration #41 *****
Loss: 2601.851114
Feature norm: 38.774734
Error norm: 8.722152
Active features: 94085
Line search trials: 1
Line search step: 1.000000
Seconds required for this iteration: 0.060

***** Iteration #42 *****
Loss: 2601.591349
Feature norm: 38.797745
Error norm: 17.964885
Active features: 94085
Line search trials: 1
Line search step: 1.000000
Seconds required for this iteration: 0.050

***** Iteration #43 *****
Loss: 2601.143076
Feature norm: 38.803690
Error norm: 7.218638
Active features: 94085
Line search trials: 1
Line search step: 1.000000
Seconds required for this iteration: 0.060

***** Iteration #44 *****
Loss: 2600.921043
Feature norm: 38.807546
Error norm: 4.854324
Active features: 94085
Line search trials: 1
Line search step: 1.000000
Seconds required for this iteration: 0.060

***** Iteration #45 *****
Loss: 2600.738923
Feature norm: 38.815757
Error norm: 9.123003
Active features: 94085
Line search trials: 1
Line search step: 1.000000
Seconds required for this iteration: 0.060

***** Iteration #46 *****
Loss: 2600.604529
Feature norm: 38.829623
Error norm: 14.143171
Active features: 94085
Line search trials: 1
Line search step: 1.000000
Seconds required for this iteration: 0.060

***** Iteration #47 *****
Loss: 2600.445111
Feature norm: 38.831034
Error norm: 5.825445
Active features: 94085
Line search trials: 1
Line search step: 1.000000
Seconds required for this iteration: 0.060

***** Iteration #48 *****
Loss: 2600.349401
Feature norm: 38.833571
Error norm: 4.443777
Active features: 94085
Line search trials: 1
Line search step: 1.000000
Seconds required for this iteration: 0.050

***** Iteration #49 *****
Loss: 2600.273303
Feature norm: 38.837447
Error norm: 4.384156
Active features: 94085
Line search trials: 1
Line search step: 1.000000
Seconds required for this iteration: 0.060

***** Iteration #50 *****
Loss: 2600.117090
Feature norm: 38.853516
Error norm: 6.819796
Active features: 94085
Line search trials: 1
Line search step: 1.000000
Seconds required for this iteration: 0.060

***** Iteration #51 *****
Loss: 2600.098383
Feature norm: 38.862897
Error norm: 9.065104
Active features: 94085
Line search trials: 1
Line search step: 1.000000
Seconds required for this iteration: 0.060

***** Iteration #52 *****
Loss: 2599.994300
Feature norm: 38.861281
Error norm: 2.796973
Active features: 94085
Line search trials: 1
Line search step: 1.000000
Seconds required for this iteration: 0.060

***** Iteration #53 *****
Loss: 2599.968123
Feature norm: 38.861438
Error norm: 2.220960
Active features: 94085
Line search trials: 1
Line search step: 1.000000
Seconds required for this iteration: 0.050

***** Iteration #54 *****
Loss: 2599.923351
Feature norm: 38.863973
Error norm: 3.634955
Active features: 94085
Line search trials: 1
Line search step: 1.000000
Seconds required for this iteration: 0.060

***** Iteration #55 *****
Loss: 2599.899602
Feature norm: 38.866429
Error norm: 6.917249
Active features: 94085
Line search trials: 1
Line search step: 1.000000
Seconds required for this iteration: 0.060

***** Iteration #56 *****
Loss: 2599.871379
Feature norm: 38.867199
Error norm: 3.248245
Active features: 94085
Line search trials: 1
Line search step: 1.000000
Seconds required for this iteration: 0.060

***** Iteration #57 *****
Loss: 2599.847939
Feature norm: 38.868537
Error norm: 1.945723
Active features: 94085
Line search trials: 1
Line search step: 1.000000
Seconds required for this iteration: 0.050

***** Iteration #58 *****
Loss: 2599.835632
Feature norm: 38.869090
Error norm: 2.101299
Active features: 94085
Line search trials: 1
Line search step: 1.000000
Seconds required for this iteration: 0.060

***** Iteration #59 *****
Loss: 2599.806558
Feature norm: 38.869414
Error norm: 1.877773
Active features: 94085
Line search trials: 1
Line search step: 1.000000
Seconds required for this iteration: 0.060

***** Iteration #60 *****
Loss: 2599.799031
Feature norm: 38.868165
Error norm: 3.713296
Active features: 94085
Line search trials: 1
Line search step: 1.000000
Seconds required for this iteration: 0.060

***** Iteration #61 *****
Loss: 2599.780351
Feature norm: 38.867523
Error norm: 1.295264
Active features: 94085
Line search trials: 1
Line search step: 1.000000
Seconds required for this iteration: 0.060

***** Iteration #62 *****
Loss: 2599.774326
Feature norm: 38.866416
Error norm: 0.948011
Active features: 94085
Line search trials: 1
Line search step: 1.000000
Seconds required for this iteration: 0.060

***** Iteration #63 *****
Loss: 2599.767903
Feature norm: 38.864310
Error norm: 1.620343
Active features: 94085
Line search trials: 1
Line search step: 1.000000
Seconds required for this iteration: 0.060

***** Iteration #64 *****
Loss: 2599.765544
Feature norm: 38.861717
Error norm: 2.730007
Active features: 94085
Line search trials: 1
Line search step: 1.000000
Seconds required for this iteration: 0.060

***** Iteration #65 *****
Loss: 2599.760981
Feature norm: 38.861889
Error norm: 0.927872
Active features: 94085
Line search trials: 1
Line search step: 1.000000
Seconds required for this iteration: 0.050

***** Iteration #66 *****
Loss: 2599.758786
Feature norm: 38.861554
Error norm: 0.788834
Active features: 94085
Line search trials: 1
Line search step: 1.000000
Seconds required for this iteration: 0.060

***** Iteration #67 *****
Loss: 2599.756285
Feature norm: 38.860530
Error norm: 1.011662
Active features: 94085
Line search trials: 1
Line search step: 1.000000
Seconds required for this iteration: 0.060

***** Iteration #68 *****
Loss: 2599.752563
Feature norm: 38.858523
Error norm: 0.978568
Active features: 94085
Line search trials: 1
Line search step: 1.000000
Seconds required for this iteration: 0.060

***** Iteration #69 *****
Loss: 2599.751874
Feature norm: 38.852251
Error norm: 2.231569
Active features: 94085
Line search trials: 1
Line search step: 1.000000
Seconds required for this iteration: 0.060

***** Iteration #70 *****
Loss: 2599.746006
Feature norm: 38.852645
Error norm: 0.611115
Active features: 94085
Line search trials: 1
Line search step: 1.000000
Seconds required for this iteration: 0.060

***** Iteration #71 *****
Loss: 2599.744823
Feature norm: 38.852653
Error norm: 0.409929
Active features: 94085
Line search trials: 1
Line search step: 1.000000
Seconds required for this iteration: 0.060

***** Iteration #72 *****
Loss: 2599.743579
Feature norm: 38.851620
Error norm: 0.479430
Active features: 94085
Line search trials: 1
Line search step: 1.000000
Seconds required for this iteration: 0.060

***** Iteration #73 *****
Loss: 2599.742380
Feature norm: 38.850952
Error norm: 0.976690
Active features: 94085
Line search trials: 1
Line search step: 1.000000
Seconds required for this iteration: 0.060

L-BFGS terminated with the stopping criteria
Total seconds required for training: 4.620

Storing the model
Number of active features: 94085 (94085)
Number of active attributes: 70649 (70649)
Number of active labels: 20 (20)
Writing labels
Writing attributes
Writing feature references for transitions
Writing feature references for attributes
Seconds required: 0.410

End time of the training: 2014-12-01T01:24:33Z

